<?xml version="1.0" encoding="UTF-8" ?>
<testsuite failures="0" time="6.184" errors="0" skipped="0" tests="17" name="com.treetank.saxon.wrapper.NodeWrapperTest">
  <properties>
[...]
</properties>
  <testcase time="1.649" classname="com.treetank.saxon.wrapper.NodeWrapperTest" name="testExample"/>
  <testcase time="0.261" classname="com.treetank.saxon.wrapper.NodeWrapperTest" name="testElementBCount"/>
  <testcase time="0.267" classname="com.treetank.saxon.wrapper.NodeWrapperTest" name="testElementACount"/>
  <testcase time="0.254" classname="com.treetank.saxon.wrapper.NodeWrapperTest" name="testNamespaceElementCount"/>
  <testcase time="0.256" classname="com.treetank.saxon.wrapper.NodeWrapperTest" name="testAttributeCount"/>
  <testcase time="0.28" classname="com.treetank.saxon.wrapper.NodeWrapperTest" name="testNamespaceAttributeCount"/>
  <testcase time="0.32" classname="com.treetank.saxon.wrapper.NodeWrapperTest" name="testAttributeValue"/>
  <testcase time="0.322" classname="com.treetank.saxon.wrapper.NodeWrapperTest" name="testNamespaceAttributeValue"/>
  <testcase time="0.233" classname="com.treetank.saxon.wrapper.NodeWrapperTest" name="testText"/>
  <testcase time="0.256" classname="com.treetank.saxon.wrapper.NodeWrapperTest" name="testText1"/>
  <testcase time="0.297" classname="com.treetank.saxon.wrapper.NodeWrapperTest" name="testDefaultNamespaceText1"/>
  <testcase time="0.3" classname="com.treetank.saxon.wrapper.NodeWrapperTest" name="testDefaultNamespaceText2"/>
  <testcase time="0.243" classname="com.treetank.saxon.wrapper.NodeWrapperTest" name="testDefaultNamespaceText3"/>
  <testcase time="0.272" classname="com.treetank.saxon.wrapper.NodeWrapperTest" name="testDefaultNamespaceTextAll"/>
  <testcase time="0.273" classname="com.treetank.saxon.wrapper.NodeWrapperTest" name="testB1"/>
  <testcase time="0.291" classname="com.treetank.saxon.wrapper.NodeWrapperTest" name="testB2"/>
  <testcase time="0.311" classname="com.treetank.saxon.wrapper.NodeWrapperTest" name="testBAll"/>
</testsuite>